<?xml version="1.0" encoding="UTF-8"?>
<!-- Generated by org.testng.reporters.JUnitXMLReporter -->
<testsuite ignored="0" hostname="DESKTOP-LEHG4DH" failures="1" tests="3" name="ChromeTest" time="27.049" errors="0" timestamp="2025-12-14T19:01:45 IST">
  <testcase classname="testScripts.HomeTest" name="verifyWhetherUserIsAbleToLogOutSuccessfully" time="3.516">
    <skipped/>
  </testcase> <!-- verifyWhetherUserIsAbleToLogOutSuccessfully -->
  <testcase classname="testScripts.HomeTest" name="verifyWhetherUserIsAbleToLogOutSuccessfully" time="0.136">
    <skipped/>
  </testcase> <!-- verifyWhetherUserIsAbleToLogOutSuccessfully -->
  <testcase classname="testScripts.HomeTest" name="verifyWhetherUserIsAbleToLogOutSuccessfully" time="0.257">
    <failure type="java.lang.NullPointerException" message="Cannot invoke &amp;quot;org.apache.poi.xssf.usermodel.XSSFRow.getCell(int)&amp;quot; because &amp;quot;r&amp;quot; is null">
      <![CDATA[java.lang.NullPointerException: Cannot invoke "org.apache.poi.xssf.usermodel.XSSFRow.getCell(int)" because "r" is null
at utilities.ExcelUtility.getStringData(ExcelUtility.java:21)
at testScripts.HomeTest.verifyWhetherUserIsAbleToLogOutSuccessfully(HomeTest.java:14)
at java.base/java.util.ArrayList.forEach(ArrayList.java:1596)
... Removed 25 stack frames]]>
    </failure>
  </testcase> <!-- verifyWhetherUserIsAbleToLogOutSuccessfully -->
</testsuite> <!-- ChromeTest -->
