<?xml version="1.0" encoding="UTF-8"?>
<!-- Generated by org.testng.reporters.JUnitXMLReporter -->
<testsuite ignored="0" hostname="DESKTOP-LEHG4DH" failures="0" tests="3" name="Test1" time="27.636" errors="0" timestamp="2025-12-18T21:41:46 IST">
  <testcase classname="testScripts.AdminUsersTest" name="verifyWhetherAdminIsAbleToAddNewUser" time="12.417"/>
  <testcase classname="testScripts.AdminUsersTest" name="verifyWhetherAdminIsAbleToResetTheUsersList" time="1.845"/>
  <testcase classname="testScripts.AdminUsersTest" name="verifyWhetherAdminIsAbleToSearchTheNewlyAddedUser" time="1.844"/>
</testsuite> <!-- Test1 -->
