<?xml version="1.0" encoding="UTF-8"?>
<!-- Generated by org.testng.reporters.JUnitXMLReporter -->
<testsuite ignored="2" hostname="DESKTOP-LEHG4DH" failures="0" tests="2" name="Test" time="14.97" errors="0" timestamp="2025-12-11T20:22:15 IST">
  <testcase classname="testScripts.LoginTest" name="verifyWhetherUserIsAbleToLoginWithValidCredential" time="3.463"/>
  <testcase classname="testScripts.LoginTest" name="verifyWhetherUserIsAbleToLoginWithInValidUserNameAndInValidPassword" time="1.239"/>
  <testcase classname="testScripts.LoginTest" name="verifyWhetherUserIsAbleToLoginWithValidUserNameAndInValidPassword" time="0.0">
    <ignored/>
  </testcase> <!-- verifyWhetherUserIsAbleToLoginWithValidUserNameAndInValidPassword -->
  <testcase classname="testScripts.LoginTest" name="verifyWhetherUserIsAbleToLoginWithInValidUserNameAndValidPassword" time="0.0">
    <ignored/>
  </testcase> <!-- verifyWhetherUserIsAbleToLoginWithInValidUserNameAndValidPassword -->
</testsuite> <!-- Test -->
