<?xml version="1.0" encoding="UTF-8"?>
<!-- Generated by org.testng.reporters.JUnitReportReporter -->
<testsuite hostname="DESKTOP-LEHG4DH" failures="0" tests="3" name="testScripts.ManageNewsTest" time="229.527" errors="0" timestamp="2025-12-10T20:16:06 IST" skipped="0">
  <testcase classname="testScripts.ManageNewsTest" name="verifyWhetherNewsCanBeSearched" time="53.103"/>
  <testcase classname="testScripts.ManageNewsTest" name="verifyWhetherNewNewsCanBeCreated" time="51.089"/>
  <testcase classname="testScripts.ManageNewsTest" name="verifyWhetherTheListCanBeReset" time="125.335"/>
</testsuite> <!-- testScripts.ManageNewsTest -->
