<?xml version="1.0" encoding="UTF-8"?>
<!-- Generated by org.testng.reporters.JUnitReportReporter -->
<testsuite hostname="DESKTOP-LEHG4DH" failures="0" tests="3" name="testScripts.ManageNewsTest" time="20.065" errors="0" timestamp="2025-12-19T16:13:36 IST" skipped="0">
  <testcase classname="testScripts.ManageNewsTest" name="verifyWhetherNewNewsCanBeCreated" time="9.645"/>
  <testcase classname="testScripts.ManageNewsTest" name="verifyWhetherNewsCanBeSearched" time="5.406"/>
  <testcase classname="testScripts.ManageNewsTest" name="verifyWhetherTheListCanBeReset" time="5.014"/>
</testsuite> <!-- testScripts.ManageNewsTest -->
