<?xml version="1.0" encoding="UTF-8"?>
<!-- Generated by org.testng.reporters.JUnitReportReporter -->
<testsuite hostname="DESKTOP-LEHG4DH" failures="0" tests="2" name="testScripts.LoginTest" time="19.315" errors="0" timestamp="2025-12-16T20:14:35 IST" skipped="0">
  <testcase classname="testScripts.LoginTest" name="verifyWhetherUserIsAbleToLoginWithInValidUserNameAndInValidPassword" time="14.184"/>
  <testcase classname="testScripts.LoginTest" name="verifyWhetherUserIsAbleToLoginWithInValidUserNameAndInValidPassword" time="5.131"/>
</testsuite> <!-- testScripts.LoginTest -->
