<?xml version="1.0" encoding="UTF-8"?>
<!-- Generated by org.testng.reporters.JUnitReportReporter -->
<testsuite hostname="DESKTOP-LEHG4DH" failures="0" tests="4" name="testScripts.LoginTest" time="27.009" errors="0" timestamp="2025-12-08T20:15:41 IST" skipped="0">
  <testcase classname="testScripts.LoginTest" name="verifyWhetherUserIsAbleToLoginWithValidCredential" time="8.337"/>
  <testcase classname="testScripts.LoginTest" name="verifyWhetherUserIsAbleToLoginWithValidUserNameAndInValidPassword" time="4.706"/>
  <testcase classname="testScripts.LoginTest" name="verifyWhetherUserIsAbleToLoginWithInValidUserNameAndValidPassword" time="8.784"/>
  <testcase classname="testScripts.LoginTest" name="verifyWhetherUserIsAbleToLoginWithInValidUserNameAndInValidPassword" time="5.182"/>
</testsuite> <!-- testScripts.LoginTest -->
