<?xml version="1.0" encoding="UTF-8"?>
<testng-results ignored="0" total="1" passed="1" failed="0" skipped="0">
  <reporter-output>
  </reporter-output>
  <suite started-at="2025-12-19T17:48:34 IST" name="Suite" finished-at="2025-12-19T17:48:42 IST" duration-ms="8651">
    <groups>
    </groups>
    <test started-at="2025-12-19T17:48:34 IST" name="Test" finished-at="2025-12-19T17:48:42 IST" duration-ms="8651">
      <class name="testScripts.HomeTest">
        <test-method is-config="true" signature="initializeBrowser(java.lang.String)[pri:0, instance:testScripts.HomeTest@1b1cfb87]" started-at="2025-12-19T17:48:34 IST" name="initializeBrowser" finished-at="2025-12-19T17:48:39 IST" duration-ms="5550" status="PASS">
          <params>
            <param index="0">
              <value>
                <![CDATA[chrome]]>
              </value>
            </param>
          </params>
          <reporter-output>
          </reporter-output>
        </test-method> <!-- initializeBrowser -->
        <test-method signature="verifyWhetherUserIsAbleToLogOutSuccessfully()[pri:0, instance:testScripts.HomeTest@1b1cfb87]" started-at="2025-12-19T17:48:39 IST" name="verifyWhetherUserIsAbleToLogOutSuccessfully" description="verify user logs out successfully." finished-at="2025-12-19T17:48:42 IST" duration-ms="2636" status="PASS">
          <reporter-output>
          </reporter-output>
        </test-method> <!-- verifyWhetherUserIsAbleToLogOutSuccessfully -->
        <test-method is-config="true" signature="driverQuit(org.testng.ITestResult)[pri:0, instance:testScripts.HomeTest@1b1cfb87]" started-at="2025-12-19T17:48:42 IST" name="driverQuit" finished-at="2025-12-19T17:48:42 IST" duration-ms="330" status="PASS">
          <params>
            <param index="0">
              <value>
                <![CDATA[[TestResult name=verifyWhetherUserIsAbleToLogOutSuccessfully status=SUCCESS method=HomeTest.verifyWhetherUserIsAbleToLogOutSuccessfully()[pri:0, instance:testScripts.HomeTest@1b1cfb87] output={null}]]]>
              </value>
            </param>
          </params>
          <reporter-output>
          </reporter-output>
        </test-method> <!-- driverQuit -->
      </class> <!-- testScripts.HomeTest -->
    </test> <!-- Test -->
  </suite> <!-- Suite -->
</testng-results>
