<?xml version="1.0" encoding="UTF-8"?>
<testng-results ignored="0" total="1" passed="1" failed="0" skipped="0">
  <reporter-output>
  </reporter-output>
  <suite started-at="2025-12-04T19:53:23 IST" name="Default suite" finished-at="2025-12-04T19:53:30 IST" duration-ms="7016">
    <groups>
    </groups>
    <test started-at="2025-12-04T19:53:23 IST" name="Default test" finished-at="2025-12-04T19:53:30 IST" duration-ms="7016">
      <class name="testScripts.AdminUsersTest">
        <test-method is-config="true" signature="initializeBrowser()[pri:0, instance:testScripts.AdminUsersTest@128d2484]" started-at="2025-12-04T19:53:23 IST" name="initializeBrowser" finished-at="2025-12-04T19:53:26 IST" duration-ms="3374" status="PASS">
          <reporter-output>
          </reporter-output>
        </test-method> <!-- initializeBrowser -->
        <test-method signature="verifyWhetherAdminIsAbleToResetTheUsersList()[pri:0, instance:testScripts.AdminUsersTest@128d2484]" started-at="2025-12-04T19:53:26 IST" name="verifyWhetherAdminIsAbleToResetTheUsersList" finished-at="2025-12-04T19:53:30 IST" duration-ms="3528" status="PASS">
          <reporter-output>
          </reporter-output>
        </test-method> <!-- verifyWhetherAdminIsAbleToResetTheUsersList -->
        <test-method is-config="true" signature="driverQuit(org.testng.ITestResult)[pri:0, instance:testScripts.AdminUsersTest@128d2484]" started-at="2025-12-04T19:53:30 IST" name="driverQuit" finished-at="2025-12-04T19:53:30 IST" duration-ms="4" status="PASS">
          <params>
            <param index="0">
              <value>
                <![CDATA[[TestResult name=verifyWhetherAdminIsAbleToResetTheUsersList status=SUCCESS method=AdminUsersTest.verifyWhetherAdminIsAbleToResetTheUsersList()[pri:0, instance:testScripts.AdminUsersTest@128d2484] output={null}]]]>
              </value>
            </param>
          </params>
          <reporter-output>
          </reporter-output>
        </test-method> <!-- driverQuit -->
      </class> <!-- testScripts.AdminUsersTest -->
    </test> <!-- Default test -->
  </suite> <!-- Default suite -->
</testng-results>
