<?xml version="1.0" encoding="UTF-8"?>
<!-- Generated by org.testng.reporters.JUnitXMLReporter -->
<testsuite ignored="2" hostname="DESKTOP-LEHG4DH" failures="0" tests="1" name="Default test" time="7.016" errors="0" timestamp="2025-12-04T19:53:30 IST">
  <testcase classname="testScripts.AdminUsersTest" name="verifyWhetherAdminIsAbleToResetTheUsersList" time="3.528"/>
  <testcase classname="testScripts.AdminUsersTest" name="verifyWhetherAdminIsAbleToAddNewUser" time="0.0">
    <ignored/>
  </testcase> <!-- verifyWhetherAdminIsAbleToAddNewUser -->
  <testcase classname="testScripts.AdminUsersTest" name="verifyWhetherAdminIsAbleToSearchTheNewlyAddedUser" time="0.0">
    <ignored/>
  </testcase> <!-- verifyWhetherAdminIsAbleToSearchTheNewlyAddedUser -->
</testsuite> <!-- Default test -->
